2024-12-17 12:58:35,347 [INFO] Activator:176 - 


2024-12-17 12:58:35,348 [INFO] Activator:177 - !SESSION log4j initialized
2024-12-17 12:58:38,642 [INFO] LogOutputStream:77 - [STDOUT_REDIRECT] 
2024-12-17 12:58:45,580 [INFO] ApplicationProperties:184 - Using Application install path: C:\ST\STM32CubeIDE_1.15.1\STM32CubeIDE\plugins\com.st.stm32cube.common.mx_6.11.1.202404110753
2024-12-17 12:58:45,605 [INFO] DbMcusXml:78 - Set database path to: C:\ST\STM32CubeIDE_1.15.1\STM32CubeIDE\plugins\com.st.stm32cube.common.mx_6.11.1.202404110753\\db\/mcu/
2024-12-17 12:58:45,605 [INFO] ApiDb:274 - Set plugin database path to: C:\ST\STM32CubeIDE_1.15.1\STM32CubeIDE\plugins\com.st.stm32cube.common.mx_6.11.1.202404110753\\db\/plugins/boardmanager/
2024-12-17 12:58:45,606 [WARN] ApiDb:259 - Overriding images path with different value:  => C:\ST\STM32CubeIDE_1.15.1\STM32CubeIDE\plugins\com.st.stm32cube.common.mx_6.11.1.202404110753\\db\/plugins/mcufinder/images/
2024-12-17 12:58:45,612 [INFO] ApiDb:250 - Set database path to: C:\Users\enesb\.stmcufinder\plugins\mcufinder//mcu/
2024-12-17 12:58:45,614 [INFO] DbMcusAds:125 - Set database path to: C:\Users\enesb\.stmcufinder\plugins\mcufinder//mcu/
2024-12-17 12:58:45,616 [INFO] CrossReferenceDbSqlite:203 - Set database path to: C:\Users\enesb\.stmcufinder\plugins\mcufinder//mcu/cs/
2024-12-17 12:58:45,753 [INFO] RulesReader:64 - Compatibility file has been processed (297 Rules)
2024-12-17 12:58:45,828 [INFO] DbMcusXml:78 - Set database path to: C:\ST\STM32CubeIDE_1.15.1\STM32CubeIDE\plugins\com.st.stm32cube.common.mx_6.11.1.202404110753\\db\/mcu/
2024-12-17 12:58:45,828 [INFO] ApiDb:274 - Set plugin database path to: C:\ST\STM32CubeIDE_1.15.1\STM32CubeIDE\plugins\com.st.stm32cube.common.mx_6.11.1.202404110753\\db\/plugins/boardmanager/
2024-12-17 12:58:45,829 [INFO] ApiDb:261 - Set plugin images path to: C:\ST\STM32CubeIDE_1.15.1\STM32CubeIDE\plugins\com.st.stm32cube.common.mx_6.11.1.202404110753\\db\/plugins/mcufinder/images/
2024-12-17 12:58:45,829 [WARN] DbFile:41 - Overriding database path with different value: C:\Users\enesb\.stmcufinder\plugins\mcufinder/ => C:\Users\enesb\.stmcufinder\plugins\mcufinder
2024-12-17 12:58:45,829 [INFO] ApiDb:250 - Set database path to: C:\Users\enesb\.stmcufinder\plugins\mcufinder//mcu/
2024-12-17 12:58:45,829 [WARN] DbFile:41 - Overriding database path with different value: C:\Users\enesb\.stmcufinder\plugins\mcufinder/ => C:\Users\enesb\.stmcufinder\plugins\mcufinder
2024-12-17 12:58:45,829 [INFO] DbMcusAds:125 - Set database path to: C:\Users\enesb\.stmcufinder\plugins\mcufinder//mcu/
2024-12-17 12:58:45,829 [WARN] DbFile:41 - Overriding database path with different value: C:\Users\enesb\.stmcufinder\plugins\mcufinder/ => C:\Users\enesb\.stmcufinder\plugins\mcufinder
2024-12-17 12:58:45,829 [WARN] DbFile:41 - Overriding database path with different value: C:\Users\enesb\.stmcufinder\plugins\mcufinder/ => C:\Users\enesb\.stmcufinder\plugins\mcufinder
2024-12-17 12:58:45,830 [INFO] CrossReferenceDbSqlite:203 - Set database path to: C:\Users\enesb\.stmcufinder\plugins\mcufinder//mcu/cs/
2024-12-17 12:58:45,901 [INFO] MainPanel:264 - HeapMemory: 268435456
2024-12-17 12:58:45,961 [INFO] DbMcusXml:78 - Set database path to: C:\ST\STM32CubeIDE_1.15.1\STM32CubeIDE\plugins\com.st.stm32cube.common.mx_6.11.1.202404110753\\db\/mcu/
2024-12-17 12:58:45,962 [INFO] ApiDb:274 - Set plugin database path to: C:\ST\STM32CubeIDE_1.15.1\STM32CubeIDE\plugins\com.st.stm32cube.common.mx_6.11.1.202404110753\\db\/plugins/boardmanager/
2024-12-17 12:58:45,962 [INFO] ApiDb:261 - Set plugin images path to: C:\ST\STM32CubeIDE_1.15.1\STM32CubeIDE\plugins\com.st.stm32cube.common.mx_6.11.1.202404110753\\db\/plugins/mcufinder/images/
2024-12-17 12:58:45,962 [WARN] DbFile:41 - Overriding database path with different value: C:\Users\enesb\.stmcufinder\plugins\mcufinder/ => C:\Users\enesb\.stmcufinder\plugins\mcufinder
2024-12-17 12:58:45,962 [INFO] ApiDb:250 - Set database path to: C:\Users\enesb\.stmcufinder\plugins\mcufinder//mcu/
2024-12-17 12:58:45,962 [WARN] DbFile:41 - Overriding database path with different value: C:\Users\enesb\.stmcufinder\plugins\mcufinder/ => C:\Users\enesb\.stmcufinder\plugins\mcufinder
2024-12-17 12:58:45,962 [INFO] DbMcusAds:125 - Set database path to: C:\Users\enesb\.stmcufinder\plugins\mcufinder//mcu/
2024-12-17 12:58:45,963 [WARN] DbFile:41 - Overriding database path with different value: C:\Users\enesb\.stmcufinder\plugins\mcufinder/ => C:\Users\enesb\.stmcufinder\plugins\mcufinder
2024-12-17 12:58:45,963 [WARN] DbFile:41 - Overriding database path with different value: C:\Users\enesb\.stmcufinder\plugins\mcufinder/ => C:\Users\enesb\.stmcufinder\plugins\mcufinder
2024-12-17 12:58:45,963 [INFO] CrossReferenceDbSqlite:203 - Set database path to: C:\Users\enesb\.stmcufinder\plugins\mcufinder//mcu/cs/
2024-12-17 12:58:45,981 [INFO] ApplicationProperties:184 - Using Application install path: C:\ST\STM32CubeIDE_1.15.1\STM32CubeIDE\plugins\com.st.stm32cube.common.mx_6.11.1.202404110753
2024-12-17 12:58:45,982 [INFO] PluginManage:196 - Search for loadable plugins [exclusion list=, ]
2024-12-17 12:58:45,983 [INFO] PluginManage:310 - Check plugin analytics
2024-12-17 12:58:50,702 [INFO] AnalyticsPlugin:253 - Accepted Software Licenses: 
2024-12-17 12:58:50,702 [INFO] AnalyticsPlugin:255 - Accepted CMSIS Pack Licenses: 
2024-12-17 12:58:50,703 [INFO] AnalyticsPlugin:257 - Accepted Firmware Licenses: 
2024-12-17 12:58:50,706 [INFO] PluginManage:359 - Loaded plugin analytics (category:tool,tabindex:-1)
2024-12-17 12:58:50,707 [INFO] PluginManage:310 - Check plugin cadmodel
2024-12-17 12:58:50,730 [INFO] CADModel:105 - Init CAD model plugin
2024-12-17 12:58:50,731 [INFO] PluginManage:359 - Loaded plugin cadmodel (category:power,tabindex:5)
2024-12-17 12:58:50,731 [INFO] PluginManage:310 - Check plugin clock
2024-12-17 12:58:50,751 [INFO] PluginManage:359 - Loaded plugin clock (category:base,tabindex:2)
2024-12-17 12:58:50,751 [INFO] PluginManage:310 - Check plugin ddr
2024-12-17 12:58:50,753 [INFO] PluginManage:359 - Loaded plugin ddr (category:tool,tabindex:6)
2024-12-17 12:58:50,753 [INFO] PluginManage:310 - Check plugin filemanager
2024-12-17 12:58:50,889 [INFO] PluginManage:359 - Loaded plugin filemanager (category:base,tabindex:10)
2024-12-17 12:58:50,890 [INFO] PluginManage:310 - Check plugin ipmanager
2024-12-17 12:58:50,898 [INFO] PluginManage:359 - Loaded plugin ipmanager (category:base,tabindex:5)
2024-12-17 12:58:50,898 [INFO] PluginManage:310 - Check plugin lpbam
2024-12-17 12:58:50,917 [INFO] PluginManage:359 - Loaded plugin lpbam (category:base,tabindex:0)
2024-12-17 12:58:50,918 [INFO] PluginManage:310 - Check plugin memorymap
2024-12-17 12:58:50,945 [INFO] PluginManage:359 - Loaded plugin memorymap (category:base,tabindex:4)
2024-12-17 12:58:50,945 [INFO] PluginManage:310 - Check plugin pinoutandconfiguration
2024-12-17 12:58:50,970 [INFO] PluginManage:359 - Loaded plugin pinoutandconfiguration (category:base,tabindex:1)
2024-12-17 12:58:50,970 [INFO] PluginManage:310 - Check plugin pinoutconfig
2024-12-17 12:58:51,128 [WARN] SupportedApi:132 - Cannot load RTOS API schema: s4s-elt-must-match.1: The content of 'definitions' must match (annotation?, (simpleType | complexType)?, (unique | key | keyref)*)). A problem was found starting at: attribute.
2024-12-17 12:58:51,249 [INFO] PluginManage:359 - Loaded plugin pinoutconfig (category:base,tabindex:0)
2024-12-17 12:58:51,249 [INFO] PluginManage:310 - Check plugin power
2024-12-17 12:58:51,266 [INFO] PluginManage:359 - Loaded plugin power (category:power,tabindex:4)
2024-12-17 12:58:51,266 [INFO] PluginManage:310 - Check plugin projectmanager
2024-12-17 12:58:51,282 [INFO] PluginManage:359 - Loaded plugin projectmanager (category:projectmanager,tabindex:3)
2024-12-17 12:58:51,282 [INFO] PluginManage:310 - Check plugin thirdparty
2024-12-17 12:58:51,600 [INFO] PluginManage:359 - Loaded plugin thirdparty (category:base,tabindex:-1)
2024-12-17 12:58:51,600 [WARN] IntegrityCheckThread:84 - waiting for thirdparty lock release [integrity check]
2024-12-17 12:58:51,601 [INFO] IntegrityCheckThread:86 - entering critical section [integrity check]
2024-12-17 12:58:51,601 [INFO] PluginManage:310 - Check plugin tools
2024-12-17 12:58:51,602 [INFO] ThirdPartyUpdaterWithRetryManager:70 - Updater plugin not ready yet. [1/15]
2024-12-17 12:58:51,658 [INFO] PluginManage:359 - Loaded plugin tools (category:base,tabindex:7)
2024-12-17 12:58:51,658 [INFO] PluginManage:310 - Check plugin tutovideos
2024-12-17 12:58:51,862 [INFO] PluginManage:359 - Loaded plugin tutovideos (category:base,tabindex:-1)
2024-12-17 12:58:51,862 [INFO] PluginManage:310 - Check plugin updater
2024-12-17 12:58:51,871 [INFO] PluginManage:359 - Loaded plugin updater (category:base,tabindex:12)
2024-12-17 12:58:51,871 [INFO] PluginManage:310 - Check plugin userauth
2024-12-17 12:58:51,876 [INFO] UserAuth:114 - Init User Auth plugin
2024-12-17 12:58:51,877 [INFO] PluginManage:359 - Loaded plugin userauth (category:base,tabindex:14)
2024-12-17 12:58:51,878 [INFO] PluginManage:283 - PluginManage : Loaded plugins [17]
2024-12-17 12:58:52,114 [INFO] PinOutPanel:1561 - setPackage(No Configuration,No Configuration)
2024-12-17 12:58:52,198 [INFO] CADModel:165 - CPN selected for project level
2024-12-17 12:58:52,198 [INFO] CADModel:114 - Register for checkConnection events
2024-12-17 12:58:52,229 [INFO] IPUIPlugin:80 - create IPUIPlugin
2024-12-17 12:58:52,229 [INFO] PluginManager:220 - loadIPPluginJar : add adc
2024-12-17 12:58:52,280 [INFO] IPUIPlugin:80 - create IPUIPlugin
2024-12-17 12:58:52,281 [INFO] PluginManager:220 - loadIPPluginJar : add aes
2024-12-17 12:58:52,344 [INFO] IPUIPlugin:80 - create IPUIPlugin
2024-12-17 12:58:52,345 [INFO] PluginManager:220 - loadIPPluginJar : add can
2024-12-17 12:58:52,377 [INFO] IPUIPlugin:80 - create IPUIPlugin
2024-12-17 12:58:52,378 [INFO] PluginManager:220 - loadIPPluginJar : add comp
2024-12-17 12:58:52,432 [INFO] IPUIPlugin:80 - create IPUIPlugin
2024-12-17 12:58:52,432 [INFO] PluginManager:220 - loadIPPluginJar : add cryp
2024-12-17 12:58:52,467 [INFO] IPUIPlugin:80 - create IPUIPlugin
2024-12-17 12:58:52,467 [INFO] PluginManager:220 - loadIPPluginJar : add dfsdm
2024-12-17 12:58:52,482 [INFO] IPUIPlugin:80 - create IPUIPlugin
2024-12-17 12:58:52,483 [INFO] PluginManager:220 - loadIPPluginJar : add dma
2024-12-17 12:58:52,542 [INFO] IPUIPlugin:80 - create IPUIPlugin
2024-12-17 12:58:52,542 [INFO] PluginManager:220 - loadIPPluginJar : add dma3
2024-12-17 12:58:52,596 [INFO] IPUIPlugin:80 - create IPUIPlugin
2024-12-17 12:58:52,596 [INFO] PluginManager:220 - loadIPPluginJar : add extmemmanager
2024-12-17 12:58:52,620 [INFO] IPUIPlugin:80 - create IPUIPlugin
2024-12-17 12:58:52,620 [INFO] PluginManager:220 - loadIPPluginJar : add fatfs
2024-12-17 12:58:52,686 [INFO] IPUIPlugin:80 - create IPUIPlugin
2024-12-17 12:58:52,686 [INFO] PluginManager:220 - loadIPPluginJar : add fmc
2024-12-17 12:58:52,702 [INFO] IPUIPlugin:80 - create IPUIPlugin
2024-12-17 12:58:52,702 [INFO] PluginManager:220 - loadIPPluginJar : add freertos
2024-12-17 12:58:52,730 [INFO] IPUIPlugin:80 - create IPUIPlugin
2024-12-17 12:58:52,730 [INFO] PluginManager:220 - loadIPPluginJar : add genericplugin
2024-12-17 12:58:52,856 [INFO] IPUIPlugin:80 - create IPUIPlugin
2024-12-17 12:58:52,856 [INFO] PluginManager:220 - loadIPPluginJar : add gfxmmu
2024-12-17 12:58:53,010 [INFO] IPUIPlugin:80 - create IPUIPlugin
2024-12-17 12:58:53,011 [INFO] PluginManager:220 - loadIPPluginJar : add gic
2024-12-17 12:58:53,059 [INFO] IPUIPlugin:80 - create IPUIPlugin
2024-12-17 12:58:53,059 [INFO] PluginManager:220 - loadIPPluginJar : add gpio
2024-12-17 12:58:53,166 [INFO] IPUIPlugin:80 - create IPUIPlugin
2024-12-17 12:58:53,166 [INFO] PluginManager:220 - loadIPPluginJar : add gtzc
2024-12-17 12:58:53,207 [INFO] IPUIPlugin:80 - create IPUIPlugin
2024-12-17 12:58:53,207 [INFO] PluginManager:220 - loadIPPluginJar : add hash
2024-12-17 12:58:53,265 [INFO] IPUIPlugin:80 - create IPUIPlugin
2024-12-17 12:58:53,265 [INFO] PluginManager:220 - loadIPPluginJar : add i2c
2024-12-17 12:58:53,310 [INFO] IPUIPlugin:80 - create IPUIPlugin
2024-12-17 12:58:53,311 [INFO] PluginManager:220 - loadIPPluginJar : add i2s
2024-12-17 12:58:53,353 [INFO] IPUIPlugin:80 - create IPUIPlugin
2024-12-17 12:58:53,353 [INFO] PluginManager:220 - loadIPPluginJar : add i3c
2024-12-17 12:58:53,470 [INFO] IPUIPlugin:80 - create IPUIPlugin
2024-12-17 12:58:53,470 [INFO] PluginManager:220 - loadIPPluginJar : add ipddr
2024-12-17 12:58:53,581 [INFO] IPUIPlugin:80 - create IPUIPlugin
2024-12-17 12:58:53,582 [INFO] PluginManager:220 - loadIPPluginJar : add linkedlist
2024-12-17 12:58:53,621 [INFO] IPUIPlugin:80 - create IPUIPlugin
2024-12-17 12:58:53,621 [INFO] PluginManager:220 - loadIPPluginJar : add lorawan
2024-12-17 12:58:53,662 [INFO] IPUIPlugin:80 - create IPUIPlugin
2024-12-17 12:58:53,662 [INFO] PluginManager:220 - loadIPPluginJar : add ltdc
2024-12-17 12:58:53,676 [INFO] IPUIPlugin:80 - create IPUIPlugin
2024-12-17 12:58:53,676 [INFO] PluginManager:220 - loadIPPluginJar : add mdma
2024-12-17 12:58:53,694 [INFO] IPUIPlugin:80 - create IPUIPlugin
2024-12-17 12:58:53,694 [INFO] PluginManager:220 - loadIPPluginJar : add nvic
2024-12-17 12:58:53,737 [INFO] IPUIPlugin:80 - create IPUIPlugin
2024-12-17 12:58:53,737 [INFO] PluginManager:220 - loadIPPluginJar : add opamp
2024-12-17 12:58:53,807 [INFO] IPUIPlugin:80 - create IPUIPlugin
2024-12-17 12:58:53,807 [INFO] PluginManager:220 - loadIPPluginJar : add openamp
2024-12-17 12:58:53,859 [INFO] IPUIPlugin:80 - create IPUIPlugin
2024-12-17 12:58:53,859 [INFO] PluginManager:220 - loadIPPluginJar : add pdm2pcm
2024-12-17 12:58:53,878 [INFO] IPUIPlugin:80 - create IPUIPlugin
2024-12-17 12:58:53,880 [INFO] PluginManager:220 - loadIPPluginJar : add plateformsettings
2024-12-17 12:58:53,910 [INFO] IPUIPlugin:80 - create IPUIPlugin
2024-12-17 12:58:53,910 [INFO] PluginManager:220 - loadIPPluginJar : add quadspi
2024-12-17 12:58:53,923 [INFO] IPUIPlugin:80 - create IPUIPlugin
2024-12-17 12:58:53,923 [INFO] PluginManager:220 - loadIPPluginJar : add resmgrutility
2024-12-17 12:58:53,980 [INFO] IPUIPlugin:80 - create IPUIPlugin
2024-12-17 12:58:53,980 [INFO] PluginManager:220 - loadIPPluginJar : add sai
2024-12-17 12:58:54,019 [INFO] IPUIPlugin:80 - create IPUIPlugin
2024-12-17 12:58:54,020 [INFO] PluginManager:220 - loadIPPluginJar : add spi
2024-12-17 12:58:54,096 [INFO] IPUIPlugin:80 - create IPUIPlugin
2024-12-17 12:58:54,097 [INFO] PluginManager:220 - loadIPPluginJar : add stm32_wpan
2024-12-17 12:58:54,126 [INFO] IPUIPlugin:80 - create IPUIPlugin
2024-12-17 12:58:54,126 [INFO] PluginManager:220 - loadIPPluginJar : add tim
2024-12-17 12:58:54,194 [INFO] IPUIPlugin:80 - create IPUIPlugin
2024-12-17 12:58:54,194 [INFO] PluginManager:220 - loadIPPluginJar : add touchsensing
2024-12-17 12:58:54,218 [INFO] IPUIPlugin:80 - create IPUIPlugin
2024-12-17 12:58:54,218 [INFO] PluginManager:220 - loadIPPluginJar : add tracer_emb
2024-12-17 12:58:54,243 [INFO] IPUIPlugin:80 - create IPUIPlugin
2024-12-17 12:58:54,243 [INFO] PluginManager:220 - loadIPPluginJar : add ts
2024-12-17 12:58:54,280 [INFO] IPUIPlugin:80 - create IPUIPlugin
2024-12-17 12:58:54,280 [INFO] PluginManager:220 - loadIPPluginJar : add tsc
2024-12-17 12:58:54,305 [INFO] IPUIPlugin:80 - create IPUIPlugin
2024-12-17 12:58:54,305 [INFO] PluginManager:220 - loadIPPluginJar : add ucpd
2024-12-17 12:58:54,353 [INFO] IPUIPlugin:80 - create IPUIPlugin
2024-12-17 12:58:54,353 [INFO] PluginManager:220 - loadIPPluginJar : add usart
2024-12-17 12:58:54,402 [INFO] IPUIPlugin:80 - create IPUIPlugin
2024-12-17 12:58:54,402 [INFO] PluginManager:220 - loadIPPluginJar : add usbx
2024-12-17 12:58:54,544 [INFO] CADModel:165 - CPN selected for project level
2024-12-17 12:58:54,544 [INFO] CADModel:114 - Register for checkConnection events
2024-12-17 12:58:54,544 [FATAL] Updater:308 - Updater called before beeing initialized
2024-12-17 12:58:54,544 [ERROR] CADModel:125 - Updater not yet initialized, retry later 
2024-12-17 12:58:54,603 [INFO] ThirdPartyUpdaterWithRetryManager:70 - Updater plugin not ready yet. [2/15]
2024-12-17 12:58:54,677 [INFO] CADModel:165 - CPN selected for project level
2024-12-17 12:58:54,677 [INFO] CADModel:114 - Register for checkConnection events
2024-12-17 12:58:54,678 [FATAL] Updater:308 - Updater called before beeing initialized
2024-12-17 12:58:54,678 [ERROR] CADModel:125 - Updater not yet initialized, retry later 
2024-12-17 12:58:54,681 [FATAL] Updater:308 - Updater called before beeing initialized
2024-12-17 12:58:54,794 [FATAL] Updater:308 - Updater called before beeing initialized
2024-12-17 12:58:54,805 [INFO] DbMcusAds:53 - JSON generation date=Fri Sep 20 16:04:23 TRT 2024 (1726837463113)
2024-12-17 12:58:54,805 [FATAL] Updater:308 - Updater called before beeing initialized
2024-12-17 12:58:54,895 [WARN] DetailPanel:346 - Failed to get advertising image, set to default
2024-12-17 12:58:54,984 [FATAL] Updater:308 - Updater called before beeing initialized
2024-12-17 12:58:54,985 [FATAL] Updater:308 - Updater called before beeing initialized
2024-12-17 12:58:54,985 [FATAL] Updater:308 - Updater called before beeing initialized
2024-12-17 12:58:54,985 [WARN] DetailPanel:346 - Failed to get advertising image, set to default
2024-12-17 12:58:54,986 [FATAL] Updater:308 - Updater called before beeing initialized
2024-12-17 12:58:55,053 [ERROR] Updater:1120 - MainUpdater not yet initialized. External WinMGr cannot be set.
2024-12-17 12:58:55,066 [INFO] Updater:1056 - Updater Version found : 6.11.1
2024-12-17 12:58:55,088 [INFO] ApplicationProperties:184 - Using Application install path: C:\ST\STM32CubeIDE_1.15.1\STM32CubeIDE\plugins\com.st.stm32cube.common.mx_6.11.1.202404110753
2024-12-17 12:58:56,660 [ERROR] LogOutputStream:75 - [STDERR_REDIRECT] Dec 17, 2024 12:58:56 PM java.util.prefs.WindowsPreferences <init>
2024-12-17 12:58:56,661 [ERROR] LogOutputStream:75 - [STDERR_REDIRECT] WARNING: Could not open/create prefs root node Software\JavaSoft\Prefs at root 0xffffffff80000002. Windows RegCreateKeyEx(...) returned error code 5.
2024-12-17 12:58:56,662 [ERROR] LogOutputStream:75 - [STDERR_REDIRECT] 
2024-12-17 12:58:57,051 [INFO] MainUpdater:2873 - connection check result : 10
2024-12-17 12:58:57,052 [INFO] MainUpdater:290 - Updater Check For Update Now.
2024-12-17 12:58:57,052 [INFO] MicroXplorer:498 - Change Database Version : DB.6.0.111
2024-12-17 12:58:57,080 [INFO] McuFinderGlobals:63 - Set McuFinder mode to 2 (CubeIDE integrated)
2024-12-17 12:58:57,080 [INFO] UserAuth:179 - activating auth plugin
2024-12-17 12:58:57,085 [INFO] UserAuth:415 - Internet connection configuration mode: 1
2024-12-17 12:58:57,119 [INFO] JxBrowserEngine:152 - Initiate JxBrowser Engine with user profile folder
2024-12-17 12:58:57,419 [INFO] CheckServerUpdateThread:120 - End of CheckServer Thread
2024-12-17 12:58:57,916 [WARN] PackLoader:240 - Cannot read IP mode file for STMicroelectronics.FP-SNS-MOTENVWB1.1.4.0
2024-12-17 12:58:57,941 [WARN] PackLoader:240 - Cannot read IP mode file for STMicroelectronics.FP-ATR-ASTRA1.2.0.1
2024-12-17 12:58:57,967 [WARN] PackLoader:240 - Cannot read IP mode file for STMicroelectronics.X-CUBE-SMBUS.2.1.0
2024-12-17 12:58:57,998 [WARN] PackLoader:240 - Cannot read IP mode file for STMicroelectronics.X-CUBE-WB05N.1.1.0
2024-12-17 12:58:58,105 [WARN] PackLoader:240 - Cannot read IP mode file for STMicroelectronics.X-CUBE-AZRTOS-F7.1.1.0
2024-12-17 12:58:58,267 [WARN] PackLoader:240 - Cannot read IP mode file for STMicroelectronics.X-CUBE-MEMS1.11.0.0
2024-12-17 12:58:58,528 [WARN] PackLoader:240 - Cannot read IP mode file for STMicroelectronics.FP-SNS-FLIGHT1.5.0.2
2024-12-17 12:58:58,557 [WARN] PackLoader:240 - Cannot read IP mode file for STMicroelectronics.X-CUBE-DISPLAY.3.0.0
2024-12-17 12:58:58,586 [WARN] PackLoader:240 - Cannot read IP mode file for STMicroelectronics.X-CUBE-BLE1.7.0.0
2024-12-17 12:58:58,613 [WARN] PackLoader:240 - Cannot read IP mode file for STMicroelectronics.X-CUBE-NFC10.1.0.0
2024-12-17 12:58:58,643 [WARN] PackLoader:240 - Cannot read IP mode file for STMicroelectronics.X-CUBE-BLEMGR.4.0.0
2024-12-17 12:58:58,666 [WARN] PackLoader:240 - Cannot read IP mode file for emotas.I-CUBE-CANOPEN.1.3.0
2024-12-17 12:58:58,693 [WARN] PackLoader:240 - Cannot read IP mode file for STMicroelectronics.X-CUBE-BLEMGR.3.1.0
2024-12-17 12:58:58,725 [WARN] PackLoader:240 - Cannot read IP mode file for STMicroelectronics.FP-SNS-SMARTAG2.1.2.0
2024-12-17 12:58:58,759 [INFO] LogOutputStream:77 - [STDOUT_REDIRECT] 1 : Invalid condition id : UX_CORESTACK_Condition cause : null
2024-12-17 12:58:58,760 [INFO] LogOutputStream:77 - [STDOUT_REDIRECT] 1 : Invalid condition id : UX_CORESTACK_Condition cause : null
2024-12-17 12:58:58,762 [INFO] LogOutputStream:77 - [STDOUT_REDIRECT] 1 : Invalid condition id : UX_CORESTACK_Condition cause : null
2024-12-17 12:58:58,765 [INFO] LogOutputStream:77 - [STDOUT_REDIRECT] 1 : Invalid condition id : UX_CORESTACK_Condition cause : null
2024-12-17 12:58:58,768 [INFO] LogOutputStream:77 - [STDOUT_REDIRECT] 1 : Invalid condition id : UX_CORESTACK_Condition cause : null
2024-12-17 12:58:58,773 [WARN] PackLoader:240 - Cannot read IP mode file for STMicroelectronics.X-CUBE-AZRTOS-WL.2.0.0
2024-12-17 12:58:58,805 [WARN] PackLoader:240 - Cannot read IP mode file for STMicroelectronics.FP-SNS-MOTENV1.5.0.0
2024-12-17 12:58:58,827 [WARN] PackLoader:240 - Cannot read IP mode file for wolfSSL.I-CUBE-wolfMQTT.1.19.0
2024-12-17 12:58:58,857 [WARN] PackLoader:240 - Cannot read IP mode file for WES.I-CUBE-Cesium.1.3.0
2024-12-17 12:58:58,879 [WARN] PackLoader:240 - Cannot read IP mode file for STMicroelectronics.X-CUBE-BLE2.3.3.0
2024-12-17 12:58:58,901 [WARN] PackLoader:240 - Cannot read IP mode file for STMicroelectronics.X-CUBE-NFC9.1.0.0
2024-12-17 12:58:58,921 [WARN] PackLoader:240 - Cannot read IP mode file for STMicroelectronics.X-CUBE-TCPP.4.1.0
2024-12-17 12:58:58,967 [WARN] PackLoader:240 - Cannot read IP mode file for STMicroelectronics.X-CUBE-AZRTOS-G0.1.1.0
2024-12-17 12:58:58,998 [WARN] PackLoader:240 - Cannot read IP mode file for STMicroelectronics.X-CUBE-SAFEA1.1.2.2
2024-12-17 12:58:59,023 [WARN] PackLoader:240 - Cannot read IP mode file for STMicroelectronics.X-CUBE-NFC4.3.0.0
2024-12-17 12:58:59,050 [WARN] PackLoader:240 - Cannot read IP mode file for EmbeddedOffice.I-CUBE-FS-RTOS.1.0.1
2024-12-17 12:58:59,051 [ERROR] ConditionMgr:805 - Attr not supported : Dmpu
2024-12-17 12:58:59,051 [ERROR] ConditionMgr:805 - Attr not supported : Dmpu
2024-12-17 12:58:59,051 [ERROR] ConditionMgr:805 - Attr not supported : Dmpu
2024-12-17 12:58:59,051 [ERROR] ConditionMgr:805 - Attr not supported : Dmpu
2024-12-17 12:58:59,051 [ERROR] ConditionMgr:805 - Attr not supported : Dmpu
2024-12-17 12:58:59,051 [ERROR] ConditionMgr:805 - Attr not supported : Dmpu
2024-12-17 12:58:59,051 [ERROR] ConditionMgr:805 - Attr not supported : Dmpu
2024-12-17 12:58:59,052 [ERROR] ConditionMgr:805 - Attr not supported : Dmpu
2024-12-17 12:58:59,052 [ERROR] ConditionMgr:805 - Attr not supported : Dmpu
2024-12-17 12:58:59,052 [ERROR] ConditionMgr:805 - Attr not supported : Dmpu
2024-12-17 12:58:59,052 [ERROR] ConditionMgr:805 - Attr not supported : Dmpu
2024-12-17 12:58:59,052 [ERROR] ConditionMgr:805 - Attr not supported : Dmpu
2024-12-17 12:58:59,052 [ERROR] ConditionMgr:805 - Attr not supported : Dmpu
2024-12-17 12:58:59,052 [ERROR] ConditionMgr:805 - Attr not supported : Dmpu
2024-12-17 12:58:59,052 [ERROR] ConditionMgr:805 - Attr not supported : Dmpu
2024-12-17 12:58:59,052 [ERROR] ConditionMgr:805 - Attr not supported : Dmpu
2024-12-17 12:58:59,052 [ERROR] ConditionMgr:805 - Attr not supported : Dmpu
2024-12-17 12:58:59,053 [ERROR] ConditionMgr:805 - Attr not supported : Dmpu
2024-12-17 12:58:59,053 [ERROR] ConditionMgr:805 - Attr not supported : Dmpu
2024-12-17 12:58:59,053 [ERROR] ConditionMgr:805 - Attr not supported : Dmpu
2024-12-17 12:58:59,053 [ERROR] ConditionMgr:805 - Attr not supported : Dmpu
2024-12-17 12:58:59,053 [ERROR] ConditionMgr:805 - Attr not supported : Dmpu
2024-12-17 12:58:59,053 [ERROR] ConditionMgr:805 - Attr not supported : Dmpu
2024-12-17 12:58:59,053 [ERROR] ConditionMgr:805 - Attr not supported : Dmpu
2024-12-17 12:58:59,053 [ERROR] ConditionMgr:805 - Attr not supported : Dmpu
2024-12-17 12:58:59,053 [ERROR] ConditionMgr:805 - Attr not supported : Dmpu
2024-12-17 12:58:59,053 [ERROR] ConditionMgr:805 - Attr not supported : Dmpu
2024-12-17 12:58:59,054 [ERROR] ConditionMgr:805 - Attr not supported : Dmpu
2024-12-17 12:58:59,054 [ERROR] ConditionMgr:805 - Attr not supported : Dmpu
2024-12-17 12:58:59,054 [ERROR] ConditionMgr:805 - Attr not supported : Dmpu
2024-12-17 12:58:59,054 [ERROR] ConditionMgr:805 - Attr not supported : Dmpu
2024-12-17 12:58:59,054 [ERROR] ConditionMgr:805 - Attr not supported : Dmpu
2024-12-17 12:58:59,054 [ERROR] ConditionMgr:805 - Attr not supported : Dmpu
2024-12-17 12:58:59,054 [ERROR] ConditionMgr:805 - Attr not supported : Dmpu
2024-12-17 12:58:59,054 [ERROR] ConditionMgr:805 - Attr not supported : Dmpu
2024-12-17 12:58:59,054 [ERROR] ConditionMgr:805 - Attr not supported : Dmpu
2024-12-17 12:58:59,055 [ERROR] ConditionMgr:805 - Attr not supported : Dmpu
2024-12-17 12:58:59,055 [ERROR] ConditionMgr:805 - Attr not supported : Dmpu
2024-12-17 12:58:59,055 [ERROR] ConditionMgr:805 - Attr not supported : Dmpu
2024-12-17 12:58:59,055 [ERROR] ConditionMgr:805 - Attr not supported : Dmpu
2024-12-17 12:58:59,055 [ERROR] ConditionMgr:805 - Attr not supported : Dmpu
2024-12-17 12:58:59,055 [ERROR] ConditionMgr:805 - Attr not supported : Dmpu
2024-12-17 12:58:59,055 [ERROR] ConditionMgr:805 - Attr not supported : Dmpu
2024-12-17 12:58:59,055 [ERROR] ConditionMgr:805 - Attr not supported : Dmpu
2024-12-17 12:58:59,055 [ERROR] ConditionMgr:805 - Attr not supported : Dmpu
2024-12-17 12:58:59,056 [ERROR] ConditionMgr:805 - Attr not supported : Dmpu
2024-12-17 12:58:59,056 [ERROR] ConditionMgr:805 - Attr not supported : Dmpu
2024-12-17 12:58:59,056 [ERROR] ConditionMgr:805 - Attr not supported : Dmpu
2024-12-17 12:58:59,056 [ERROR] ConditionMgr:805 - Attr not supported : Dmpu
2024-12-17 12:58:59,056 [ERROR] ConditionMgr:805 - Attr not supported : Dmpu
2024-12-17 12:58:59,056 [ERROR] ConditionMgr:805 - Attr not supported : Dmpu
2024-12-17 12:58:59,056 [ERROR] ConditionMgr:805 - Attr not supported : Dmpu
2024-12-17 12:58:59,056 [ERROR] ConditionMgr:805 - Attr not supported : Dmpu
2024-12-17 12:58:59,056 [ERROR] ConditionMgr:805 - Attr not supported : Dmpu
2024-12-17 12:58:59,057 [ERROR] ConditionMgr:805 - Attr not supported : Dmpu
2024-12-17 12:58:59,057 [ERROR] ConditionMgr:805 - Attr not supported : Dmpu
2024-12-17 12:58:59,057 [ERROR] ConditionMgr:805 - Attr not supported : Dmpu
2024-12-17 12:58:59,057 [ERROR] ConditionMgr:805 - Attr not supported : Dmpu
2024-12-17 12:58:59,057 [ERROR] ConditionMgr:805 - Attr not supported : Dmpu
2024-12-17 12:58:59,057 [ERROR] ConditionMgr:805 - Attr not supported : Dmpu
2024-12-17 12:58:59,057 [ERROR] ConditionMgr:805 - Attr not supported : Dmpu
2024-12-17 12:58:59,057 [ERROR] ConditionMgr:805 - Attr not supported : Dmpu
2024-12-17 12:58:59,057 [ERROR] ConditionMgr:805 - Attr not supported : Dmpu
2024-12-17 12:58:59,057 [ERROR] ConditionMgr:805 - Attr not supported : Dmpu
2024-12-17 12:58:59,073 [ERROR] Engine:466 - C:\Users\enesb\.stm32cubemx\thirdparties\pdsc\STMicroelectronics.X-CUBE-TCPP.4.2.0.pdsc: PDSC version is not supported
2024-12-17 12:58:59,100 [WARN] PackLoader:240 - Cannot read IP mode file for RealThread.X-CUBE-RT-Thread_Nano.4.1.1
2024-12-17 12:58:59,119 [WARN] PackLoader:240 - Cannot read IP mode file for STMicroelectronics.FP-ATR-SIGFOX1.3.2.0
2024-12-17 12:58:59,137 [WARN] ConditionMgr:438 - getConditionDescription Invalid condition id : Cortex-A Device cause : null
2024-12-17 12:58:59,166 [WARN] ConditionMgr:1039 - genDependencies : Invalid condition id : Cortex-A Device cause : null
2024-12-17 12:58:59,166 [WARN] ConditionMgr:1039 - genDependencies : Invalid condition id : Cortex-A Device cause : null
2024-12-17 12:58:59,167 [WARN] ConditionMgr:1039 - genDependencies : Invalid condition id : Cortex-A Device cause : null
2024-12-17 12:58:59,189 [WARN] PackLoader:240 - Cannot read IP mode file for STMicroelectronics.X-CUBE-EEPRMA1.5.1.0
2024-12-17 12:58:59,209 [WARN] PackLoader:240 - Cannot read IP mode file for wolfSSL.I-CUBE-wolfSSL.5.7.4
2024-12-17 12:58:59,235 [WARN] PackLoader:240 - Cannot read IP mode file for ITTIA_DB.I-CUBE-ITTIADB.8.9.0
2024-12-17 12:58:59,297 [WARN] PackLoader:240 - Cannot read IP mode file for SEGGER.I-CUBE-embOS.1.3.1
2024-12-17 12:58:59,367 [WARN] PackLoader:240 - Cannot read IP mode file for STMicroelectronics.X-CUBE-ALGOBUILD.1.4.0
2024-12-17 12:58:59,388 [WARN] PackLoader:240 - Cannot read IP mode file for STMicroelectronics.X-CUBE-AI.9.1.0
2024-12-17 12:58:59,430 [WARN] PackLoader:240 - Cannot read IP mode file for STMicroelectronics.X-CUBE-AZRTOS-F4.1.1.0
2024-12-17 12:58:59,453 [WARN] PackLoader:240 - Cannot read IP mode file for STMicroelectronics.X-CUBE-ISPU.2.1.0
2024-12-17 12:58:59,477 [WARN] PackLoader:240 - Cannot read IP mode file for STMicroelectronics.X-CUBE-FREERTOS.1.2.0
2024-12-17 12:58:59,512 [WARN] PackLoader:240 - Cannot read IP mode file for STMicroelectronics.X-CUBE-AZRTOS-L5.2.0.0
2024-12-17 12:58:59,542 [WARN] PackLoader:240 - Cannot read IP mode file for STMicroelectronics.X-CUBE-NFC6.3.1.0
2024-12-17 12:58:59,566 [WARN] PackLoader:240 - Cannot read IP mode file for STMicroelectronics.X-CUBE-DPower.1.2.0
2024-12-17 12:58:59,584 [WARN] PackLoader:240 - Cannot read IP mode file for STMicroelectronics.X-CUBE-FREERTOS.1.3.0
2024-12-17 12:58:59,602 [WARN] PackLoader:240 - Cannot read IP mode file for STMicroelectronics.X-CUBE-NFC7.1.0.1
2024-12-17 12:58:59,649 [WARN] ConditionMgr:438 - getConditionDescription Invalid condition id : LAN8742 Phy interface Condition cause : null
2024-12-17 12:58:59,650 [WARN] PackLoader:240 - Cannot read IP mode file for STMicroelectronics.X-CUBE-AZRTOS-L4.2.0.0
2024-12-17 12:58:59,657 [WARN] ConditionMgr:1039 - genDependencies : Invalid condition id : LAN8742 Phy interface Condition cause : null
2024-12-17 12:58:59,657 [WARN] ConditionMgr:1039 - genDependencies : Invalid condition id : LAN8742 Phy interface Condition cause : null
2024-12-17 12:58:59,658 [WARN] ConditionMgr:1039 - genDependencies : Invalid condition id : LAN8742 Phy interface Condition cause : null
2024-12-17 12:58:59,691 [WARN] PackLoader:240 - Cannot read IP mode file for STMicroelectronics.X-CUBE-SFXS2LP1.4.0.0
2024-12-17 12:58:59,738 [WARN] PackLoader:240 - Cannot read IP mode file for STMicroelectronics.X-CUBE-AZRTOS-H7.3.3.0
2024-12-17 12:58:59,777 [WARN] PackLoader:240 - Cannot read IP mode file for STMicroelectronics.X-CUBE-IPS.3.0.0
2024-12-17 12:58:59,817 [WARN] ConditionMgr:438 - getConditionDescription Invalid condition id : UX DEVICE CLASS RTOS Condition cause : null
2024-12-17 12:58:59,817 [WARN] ConditionMgr:438 - getConditionDescription Invalid condition id : UX DEVICE CLASS RTOS Condition cause : null
2024-12-17 12:58:59,820 [WARN] PackLoader:240 - Cannot read IP mode file for STMicroelectronics.X-CUBE-AZRTOS-WB.2.0.0
2024-12-17 12:58:59,821 [WARN] ConditionMgr:1039 - genDependencies : Invalid condition id : UX DEVICE CLASS RTOS Condition cause : null
2024-12-17 12:58:59,821 [WARN] ConditionMgr:1039 - genDependencies : Invalid condition id : UX DEVICE CLASS RTOS Condition cause : null
2024-12-17 12:58:59,821 [WARN] ConditionMgr:1039 - genDependencies : Invalid condition id : UX DEVICE CLASS RTOS Condition cause : null
2024-12-17 12:58:59,822 [WARN] ConditionMgr:1039 - genDependencies : Invalid condition id : UX DEVICE CLASS RTOS Condition cause : null
2024-12-17 12:58:59,822 [WARN] ConditionMgr:1039 - genDependencies : Invalid condition id : UX DEVICE CLASS RTOS Condition cause : null
2024-12-17 12:58:59,847 [WARN] PackLoader:240 - Cannot read IP mode file for STMicroelectronics.X-CUBE-GNSS1.7.0.0
2024-12-17 12:58:59,869 [WARN] PackLoader:240 - Cannot read IP mode file for STMicroelectronics.FP-SNS-STBOX1.2.0.0
2024-12-17 12:58:59,899 [WARN] PackLoader:240 - Cannot read IP mode file for STMicroelectronics.X-CUBE-SUBG2.5.0.0
2024-12-17 12:58:59,925 [WARN] PackLoader:240 - Cannot read IP mode file for Cesanta.I-CUBE-Mongoose.7.13.0
2024-12-17 12:58:59,966 [WARN] PackLoader:240 - Cannot read IP mode file for STMicroelectronics.X-CUBE-AZRTOS-G4.2.0.0
2024-12-17 12:58:59,985 [WARN] PackLoader:240 - Cannot read IP mode file for STMicroelectronics.X-CUBE-ALS.1.0.2
2024-12-17 12:59:00,003 [WARN] PackLoader:240 - Cannot read IP mode file for STMicroelectronics.X-CUBE-TOUCHGFX.4.24.1
2024-12-17 12:59:00,023 [WARN] PackLoader:240 - Cannot read IP mode file for wolfSSL.I-CUBE-wolfTPM.3.4.0
2024-12-17 12:59:00,045 [WARN] PackLoader:240 - Cannot read IP mode file for portGmbH.I-Cube-SoM-uGOAL.1.1.0
2024-12-17 12:59:00,095 [WARN] PackLoader:240 - Cannot read IP mode file for STMicroelectronics.X-CUBE-AZRTOS-H7RS.1.0.0
2024-12-17 12:59:00,119 [WARN] PackLoader:240 - Cannot read IP mode file for STMicroelectronics.FP-ATR-ASTRA1.2.0.0
2024-12-17 12:59:00,146 [WARN] PackLoader:240 - Cannot read IP mode file for STMicroelectronics.X-CUBE-TOF1.3.4.2
2024-12-17 12:59:00,202 [WARN] PackLoader:240 - Cannot read IP mode file for Infineon.AIROC-Wi-Fi-Bluetooth-STM32.1.6.1
2024-12-17 12:59:00,224 [WARN] PackLoader:240 - Cannot read IP mode file for wolfSSL.I-CUBE-wolfSSH.1.4.17
2024-12-17 12:59:00,225 [INFO] ThirdParty:978 - Integrity check success = true
2024-12-17 12:59:00,225 [INFO] IntegrityCheckThread:100 - exiting critical section [integrity check]
2024-12-17 12:59:00,225 [INFO] IntegrityCheckThread:103 - End integrity checks thread
2024-12-17 12:59:07,146 [INFO] WebApp:161 - Instantiating new browser for Auth
2024-12-17 12:59:07,988 [INFO] WebApp:779 - Register for checkConnection events
2024-12-17 12:59:07,988 [INFO] WebApp:414 - Apply proxy settings
2024-12-17 12:59:07,988 [INFO] WebApp:499 - Chromium requires no authentication
2024-12-17 12:59:08,000 [INFO] WebApp:442 - Direct internet connection detected
2024-12-17 12:59:08,488 [INFO] WebApp:192 - Starting web application
2024-12-17 12:59:08,488 [INFO] WebApp:544 - Web application path used C:\ST\STM32CubeIDE_1.15.1\STM32CubeIDE\plugins\com.st.stm32cube.common.mx_6.11.1.202404110753\db\plugins\mcufinder\reactClient1\index.html
2024-12-17 12:59:09,011 [ERROR] LogOutputStream:75 - [STDERR_REDIRECT] 
2024-12-17 12:59:09,012 [ERROR] LogOutputStream:75 - [STDERR_REDIRECT] 
