2024-12-17 13:01:24,272 [INFO] Activator:176 - 


2024-12-17 13:01:24,274 [INFO] Activator:177 - !SESSION log4j initialized
2024-12-17 13:01:27,139 [INFO] LogOutputStream:77 - [STDOUT_REDIRECT] 
2024-12-17 13:01:34,284 [INFO] ApplicationProperties:184 - Using Application install path: C:\ST\STM32CubeIDE_1.15.1\STM32CubeIDE\plugins\com.st.stm32cube.common.mx_6.11.1.202404110753
2024-12-17 13:01:34,306 [INFO] DbMcusXml:78 - Set database path to: C:\ST\STM32CubeIDE_1.15.1\STM32CubeIDE\plugins\com.st.stm32cube.common.mx_6.11.1.202404110753\\db\/mcu/
2024-12-17 13:01:34,307 [INFO] ApiDb:274 - Set plugin database path to: C:\ST\STM32CubeIDE_1.15.1\STM32CubeIDE\plugins\com.st.stm32cube.common.mx_6.11.1.202404110753\\db\/plugins/boardmanager/
2024-12-17 13:01:34,312 [WARN] ApiDb:259 - Overriding images path with different value:  => C:\ST\STM32CubeIDE_1.15.1\STM32CubeIDE\plugins\com.st.stm32cube.common.mx_6.11.1.202404110753\\db\/plugins/mcufinder/images/
2024-12-17 13:01:34,318 [INFO] ApiDb:250 - Set database path to: C:\Users\enesb\.stmcufinder\plugins\mcufinder//mcu/
2024-12-17 13:01:34,319 [INFO] DbMcusAds:125 - Set database path to: C:\Users\enesb\.stmcufinder\plugins\mcufinder//mcu/
2024-12-17 13:01:34,323 [INFO] CrossReferenceDbSqlite:203 - Set database path to: C:\Users\enesb\.stmcufinder\plugins\mcufinder//mcu/cs/
2024-12-17 13:01:34,459 [INFO] RulesReader:64 - Compatibility file has been processed (297 Rules)
2024-12-17 13:01:34,547 [INFO] DbMcusXml:78 - Set database path to: C:\ST\STM32CubeIDE_1.15.1\STM32CubeIDE\plugins\com.st.stm32cube.common.mx_6.11.1.202404110753\\db\/mcu/
2024-12-17 13:01:34,547 [INFO] ApiDb:274 - Set plugin database path to: C:\ST\STM32CubeIDE_1.15.1\STM32CubeIDE\plugins\com.st.stm32cube.common.mx_6.11.1.202404110753\\db\/plugins/boardmanager/
2024-12-17 13:01:34,548 [INFO] ApiDb:261 - Set plugin images path to: C:\ST\STM32CubeIDE_1.15.1\STM32CubeIDE\plugins\com.st.stm32cube.common.mx_6.11.1.202404110753\\db\/plugins/mcufinder/images/
2024-12-17 13:01:34,548 [WARN] DbFile:41 - Overriding database path with different value: C:\Users\enesb\.stmcufinder\plugins\mcufinder/ => C:\Users\enesb\.stmcufinder\plugins\mcufinder
2024-12-17 13:01:34,548 [INFO] ApiDb:250 - Set database path to: C:\Users\enesb\.stmcufinder\plugins\mcufinder//mcu/
2024-12-17 13:01:34,548 [WARN] DbFile:41 - Overriding database path with different value: C:\Users\enesb\.stmcufinder\plugins\mcufinder/ => C:\Users\enesb\.stmcufinder\plugins\mcufinder
2024-12-17 13:01:34,548 [INFO] DbMcusAds:125 - Set database path to: C:\Users\enesb\.stmcufinder\plugins\mcufinder//mcu/
2024-12-17 13:01:34,549 [WARN] DbFile:41 - Overriding database path with different value: C:\Users\enesb\.stmcufinder\plugins\mcufinder/ => C:\Users\enesb\.stmcufinder\plugins\mcufinder
2024-12-17 13:01:34,549 [WARN] DbFile:41 - Overriding database path with different value: C:\Users\enesb\.stmcufinder\plugins\mcufinder/ => C:\Users\enesb\.stmcufinder\plugins\mcufinder
2024-12-17 13:01:34,549 [INFO] CrossReferenceDbSqlite:203 - Set database path to: C:\Users\enesb\.stmcufinder\plugins\mcufinder//mcu/cs/
2024-12-17 13:01:34,658 [INFO] MainPanel:264 - HeapMemory: 268435456
2024-12-17 13:01:34,748 [INFO] DbMcusXml:78 - Set database path to: C:\ST\STM32CubeIDE_1.15.1\STM32CubeIDE\plugins\com.st.stm32cube.common.mx_6.11.1.202404110753\\db\/mcu/
2024-12-17 13:01:34,749 [INFO] ApiDb:274 - Set plugin database path to: C:\ST\STM32CubeIDE_1.15.1\STM32CubeIDE\plugins\com.st.stm32cube.common.mx_6.11.1.202404110753\\db\/plugins/boardmanager/
2024-12-17 13:01:34,749 [INFO] ApiDb:261 - Set plugin images path to: C:\ST\STM32CubeIDE_1.15.1\STM32CubeIDE\plugins\com.st.stm32cube.common.mx_6.11.1.202404110753\\db\/plugins/mcufinder/images/
2024-12-17 13:01:34,749 [WARN] DbFile:41 - Overriding database path with different value: C:\Users\enesb\.stmcufinder\plugins\mcufinder/ => C:\Users\enesb\.stmcufinder\plugins\mcufinder
2024-12-17 13:01:34,750 [INFO] ApiDb:250 - Set database path to: C:\Users\enesb\.stmcufinder\plugins\mcufinder//mcu/
2024-12-17 13:01:34,750 [WARN] DbFile:41 - Overriding database path with different value: C:\Users\enesb\.stmcufinder\plugins\mcufinder/ => C:\Users\enesb\.stmcufinder\plugins\mcufinder
2024-12-17 13:01:34,750 [INFO] DbMcusAds:125 - Set database path to: C:\Users\enesb\.stmcufinder\plugins\mcufinder//mcu/
2024-12-17 13:01:34,750 [WARN] DbFile:41 - Overriding database path with different value: C:\Users\enesb\.stmcufinder\plugins\mcufinder/ => C:\Users\enesb\.stmcufinder\plugins\mcufinder
2024-12-17 13:01:34,750 [WARN] DbFile:41 - Overriding database path with different value: C:\Users\enesb\.stmcufinder\plugins\mcufinder/ => C:\Users\enesb\.stmcufinder\plugins\mcufinder
2024-12-17 13:01:34,750 [INFO] CrossReferenceDbSqlite:203 - Set database path to: C:\Users\enesb\.stmcufinder\plugins\mcufinder//mcu/cs/
2024-12-17 13:01:34,774 [INFO] ApplicationProperties:184 - Using Application install path: C:\ST\STM32CubeIDE_1.15.1\STM32CubeIDE\plugins\com.st.stm32cube.common.mx_6.11.1.202404110753
2024-12-17 13:01:34,776 [INFO] PluginManage:196 - Search for loadable plugins [exclusion list=, ]
2024-12-17 13:01:34,777 [INFO] PluginManage:310 - Check plugin analytics
2024-12-17 13:01:39,566 [INFO] AnalyticsPlugin:253 - Accepted Software Licenses: 
2024-12-17 13:01:39,566 [INFO] AnalyticsPlugin:255 - Accepted CMSIS Pack Licenses: 
2024-12-17 13:01:39,567 [INFO] AnalyticsPlugin:257 - Accepted Firmware Licenses: 
2024-12-17 13:01:39,570 [INFO] PluginManage:359 - Loaded plugin analytics (category:tool,tabindex:-1)
2024-12-17 13:01:39,571 [INFO] PluginManage:310 - Check plugin cadmodel
2024-12-17 13:01:39,575 [INFO] CADModel:105 - Init CAD model plugin
2024-12-17 13:01:39,576 [INFO] PluginManage:359 - Loaded plugin cadmodel (category:power,tabindex:5)
2024-12-17 13:01:39,576 [INFO] PluginManage:310 - Check plugin clock
2024-12-17 13:01:39,591 [INFO] PluginManage:359 - Loaded plugin clock (category:base,tabindex:2)
2024-12-17 13:01:39,591 [INFO] PluginManage:310 - Check plugin ddr
2024-12-17 13:01:39,593 [INFO] PluginManage:359 - Loaded plugin ddr (category:tool,tabindex:6)
2024-12-17 13:01:39,594 [INFO] PluginManage:310 - Check plugin filemanager
2024-12-17 13:01:39,801 [INFO] PluginManage:359 - Loaded plugin filemanager (category:base,tabindex:10)
2024-12-17 13:01:39,801 [INFO] PluginManage:310 - Check plugin ipmanager
2024-12-17 13:01:39,809 [INFO] PluginManage:359 - Loaded plugin ipmanager (category:base,tabindex:5)
2024-12-17 13:01:39,809 [INFO] PluginManage:310 - Check plugin lpbam
2024-12-17 13:01:39,822 [INFO] PluginManage:359 - Loaded plugin lpbam (category:base,tabindex:0)
2024-12-17 13:01:39,823 [INFO] PluginManage:310 - Check plugin memorymap
2024-12-17 13:01:39,838 [INFO] PluginManage:359 - Loaded plugin memorymap (category:base,tabindex:4)
2024-12-17 13:01:39,838 [INFO] PluginManage:310 - Check plugin pinoutandconfiguration
2024-12-17 13:01:39,847 [INFO] PluginManage:359 - Loaded plugin pinoutandconfiguration (category:base,tabindex:1)
2024-12-17 13:01:39,847 [INFO] PluginManage:310 - Check plugin pinoutconfig
2024-12-17 13:01:40,036 [WARN] SupportedApi:132 - Cannot load RTOS API schema: s4s-elt-must-match.1: The content of 'definitions' must match (annotation?, (simpleType | complexType)?, (unique | key | keyref)*)). A problem was found starting at: attribute.
2024-12-17 13:01:40,172 [INFO] PluginManage:359 - Loaded plugin pinoutconfig (category:base,tabindex:0)
2024-12-17 13:01:40,172 [INFO] PluginManage:310 - Check plugin power
2024-12-17 13:01:40,183 [INFO] PluginManage:359 - Loaded plugin power (category:power,tabindex:4)
2024-12-17 13:01:40,183 [INFO] PluginManage:310 - Check plugin projectmanager
2024-12-17 13:01:40,202 [INFO] PluginManage:359 - Loaded plugin projectmanager (category:projectmanager,tabindex:3)
2024-12-17 13:01:40,202 [INFO] PluginManage:310 - Check plugin thirdparty
2024-12-17 13:01:40,373 [INFO] PluginManage:359 - Loaded plugin thirdparty (category:base,tabindex:-1)
2024-12-17 13:01:40,373 [INFO] PluginManage:310 - Check plugin tools
2024-12-17 13:01:40,373 [WARN] IntegrityCheckThread:84 - waiting for thirdparty lock release [integrity check]
2024-12-17 13:01:40,373 [INFO] IntegrityCheckThread:86 - entering critical section [integrity check]
2024-12-17 13:01:40,374 [INFO] ThirdPartyUpdaterWithRetryManager:70 - Updater plugin not ready yet. [1/15]
2024-12-17 13:01:40,376 [INFO] PluginManage:359 - Loaded plugin tools (category:base,tabindex:7)
2024-12-17 13:01:40,376 [INFO] PluginManage:310 - Check plugin tutovideos
2024-12-17 13:01:40,560 [INFO] PluginManage:359 - Loaded plugin tutovideos (category:base,tabindex:-1)
2024-12-17 13:01:40,561 [INFO] PluginManage:310 - Check plugin updater
2024-12-17 13:01:40,576 [INFO] PluginManage:359 - Loaded plugin updater (category:base,tabindex:12)
2024-12-17 13:01:40,576 [INFO] PluginManage:310 - Check plugin userauth
2024-12-17 13:01:40,582 [INFO] UserAuth:114 - Init User Auth plugin
2024-12-17 13:01:40,582 [INFO] PluginManage:359 - Loaded plugin userauth (category:base,tabindex:14)
2024-12-17 13:01:40,583 [INFO] PluginManage:283 - PluginManage : Loaded plugins [17]
2024-12-17 13:01:40,827 [INFO] PinOutPanel:1561 - setPackage(No Configuration,No Configuration)
2024-12-17 13:01:40,918 [INFO] CADModel:165 - CPN selected for project level
2024-12-17 13:01:40,919 [INFO] CADModel:114 - Register for checkConnection events
2024-12-17 13:01:40,938 [INFO] IPUIPlugin:80 - create IPUIPlugin
2024-12-17 13:01:40,938 [INFO] PluginManager:220 - loadIPPluginJar : add adc
2024-12-17 13:01:40,941 [INFO] IPUIPlugin:80 - create IPUIPlugin
2024-12-17 13:01:40,941 [INFO] PluginManager:220 - loadIPPluginJar : add aes
2024-12-17 13:01:40,944 [INFO] IPUIPlugin:80 - create IPUIPlugin
2024-12-17 13:01:40,944 [INFO] PluginManager:220 - loadIPPluginJar : add can
2024-12-17 13:01:40,946 [INFO] IPUIPlugin:80 - create IPUIPlugin
2024-12-17 13:01:40,947 [INFO] PluginManager:220 - loadIPPluginJar : add comp
2024-12-17 13:01:40,950 [INFO] IPUIPlugin:80 - create IPUIPlugin
2024-12-17 13:01:40,950 [INFO] PluginManager:220 - loadIPPluginJar : add cryp
2024-12-17 13:01:40,953 [INFO] IPUIPlugin:80 - create IPUIPlugin
2024-12-17 13:01:40,953 [INFO] PluginManager:220 - loadIPPluginJar : add dfsdm
2024-12-17 13:01:40,958 [INFO] IPUIPlugin:80 - create IPUIPlugin
2024-12-17 13:01:40,959 [INFO] PluginManager:220 - loadIPPluginJar : add dma
2024-12-17 13:01:40,961 [INFO] IPUIPlugin:80 - create IPUIPlugin
2024-12-17 13:01:40,961 [INFO] PluginManager:220 - loadIPPluginJar : add dma3
2024-12-17 13:01:40,965 [INFO] IPUIPlugin:80 - create IPUIPlugin
2024-12-17 13:01:40,965 [INFO] PluginManager:220 - loadIPPluginJar : add extmemmanager
2024-12-17 13:01:40,967 [INFO] IPUIPlugin:80 - create IPUIPlugin
2024-12-17 13:01:40,967 [INFO] PluginManager:220 - loadIPPluginJar : add fatfs
2024-12-17 13:01:40,971 [INFO] IPUIPlugin:80 - create IPUIPlugin
2024-12-17 13:01:40,971 [INFO] PluginManager:220 - loadIPPluginJar : add fmc
2024-12-17 13:01:40,975 [INFO] IPUIPlugin:80 - create IPUIPlugin
2024-12-17 13:01:40,976 [INFO] PluginManager:220 - loadIPPluginJar : add freertos
2024-12-17 13:01:40,977 [INFO] IPUIPlugin:80 - create IPUIPlugin
2024-12-17 13:01:40,977 [INFO] PluginManager:220 - loadIPPluginJar : add genericplugin
2024-12-17 13:01:40,981 [INFO] IPUIPlugin:80 - create IPUIPlugin
2024-12-17 13:01:40,982 [INFO] PluginManager:220 - loadIPPluginJar : add gfxmmu
2024-12-17 13:01:40,987 [INFO] IPUIPlugin:80 - create IPUIPlugin
2024-12-17 13:01:40,987 [INFO] PluginManager:220 - loadIPPluginJar : add gic
2024-12-17 13:01:40,991 [INFO] IPUIPlugin:80 - create IPUIPlugin
2024-12-17 13:01:40,991 [INFO] PluginManager:220 - loadIPPluginJar : add gpio
2024-12-17 13:01:40,994 [INFO] IPUIPlugin:80 - create IPUIPlugin
2024-12-17 13:01:40,994 [INFO] PluginManager:220 - loadIPPluginJar : add gtzc
2024-12-17 13:01:40,999 [INFO] IPUIPlugin:80 - create IPUIPlugin
2024-12-17 13:01:40,999 [INFO] PluginManager:220 - loadIPPluginJar : add hash
2024-12-17 13:01:41,002 [INFO] IPUIPlugin:80 - create IPUIPlugin
2024-12-17 13:01:41,002 [INFO] PluginManager:220 - loadIPPluginJar : add i2c
2024-12-17 13:01:41,005 [INFO] IPUIPlugin:80 - create IPUIPlugin
2024-12-17 13:01:41,005 [INFO] PluginManager:220 - loadIPPluginJar : add i2s
2024-12-17 13:01:41,008 [INFO] IPUIPlugin:80 - create IPUIPlugin
2024-12-17 13:01:41,008 [INFO] PluginManager:220 - loadIPPluginJar : add i3c
2024-12-17 13:01:41,011 [INFO] IPUIPlugin:80 - create IPUIPlugin
2024-12-17 13:01:41,011 [INFO] PluginManager:220 - loadIPPluginJar : add ipddr
2024-12-17 13:01:41,023 [INFO] IPUIPlugin:80 - create IPUIPlugin
2024-12-17 13:01:41,023 [INFO] PluginManager:220 - loadIPPluginJar : add linkedlist
2024-12-17 13:01:41,027 [INFO] IPUIPlugin:80 - create IPUIPlugin
2024-12-17 13:01:41,028 [INFO] PluginManager:220 - loadIPPluginJar : add lorawan
2024-12-17 13:01:41,030 [INFO] IPUIPlugin:80 - create IPUIPlugin
2024-12-17 13:01:41,031 [INFO] PluginManager:220 - loadIPPluginJar : add ltdc
2024-12-17 13:01:41,038 [INFO] IPUIPlugin:80 - create IPUIPlugin
2024-12-17 13:01:41,038 [INFO] PluginManager:220 - loadIPPluginJar : add mdma
2024-12-17 13:01:41,041 [INFO] IPUIPlugin:80 - create IPUIPlugin
2024-12-17 13:01:41,041 [INFO] PluginManager:220 - loadIPPluginJar : add nvic
2024-12-17 13:01:41,044 [INFO] IPUIPlugin:80 - create IPUIPlugin
2024-12-17 13:01:41,045 [INFO] PluginManager:220 - loadIPPluginJar : add opamp
2024-12-17 13:01:41,051 [INFO] IPUIPlugin:80 - create IPUIPlugin
2024-12-17 13:01:41,052 [INFO] PluginManager:220 - loadIPPluginJar : add openamp
2024-12-17 13:01:41,056 [INFO] IPUIPlugin:80 - create IPUIPlugin
2024-12-17 13:01:41,056 [INFO] PluginManager:220 - loadIPPluginJar : add pdm2pcm
2024-12-17 13:01:41,064 [INFO] IPUIPlugin:80 - create IPUIPlugin
2024-12-17 13:01:41,069 [INFO] PluginManager:220 - loadIPPluginJar : add plateformsettings
2024-12-17 13:01:41,071 [INFO] IPUIPlugin:80 - create IPUIPlugin
2024-12-17 13:01:41,072 [INFO] PluginManager:220 - loadIPPluginJar : add quadspi
2024-12-17 13:01:41,076 [INFO] IPUIPlugin:80 - create IPUIPlugin
2024-12-17 13:01:41,076 [INFO] PluginManager:220 - loadIPPluginJar : add resmgrutility
2024-12-17 13:01:41,082 [INFO] IPUIPlugin:80 - create IPUIPlugin
2024-12-17 13:01:41,082 [INFO] PluginManager:220 - loadIPPluginJar : add sai
2024-12-17 13:01:41,087 [INFO] IPUIPlugin:80 - create IPUIPlugin
2024-12-17 13:01:41,087 [INFO] PluginManager:220 - loadIPPluginJar : add spi
2024-12-17 13:01:41,094 [INFO] IPUIPlugin:80 - create IPUIPlugin
2024-12-17 13:01:41,094 [INFO] PluginManager:220 - loadIPPluginJar : add stm32_wpan
2024-12-17 13:01:41,099 [INFO] IPUIPlugin:80 - create IPUIPlugin
2024-12-17 13:01:41,100 [INFO] PluginManager:220 - loadIPPluginJar : add tim
2024-12-17 13:01:41,106 [INFO] IPUIPlugin:80 - create IPUIPlugin
2024-12-17 13:01:41,107 [INFO] PluginManager:220 - loadIPPluginJar : add touchsensing
2024-12-17 13:01:41,109 [INFO] IPUIPlugin:80 - create IPUIPlugin
2024-12-17 13:01:41,109 [INFO] PluginManager:220 - loadIPPluginJar : add tracer_emb
2024-12-17 13:01:41,111 [INFO] IPUIPlugin:80 - create IPUIPlugin
2024-12-17 13:01:41,111 [INFO] PluginManager:220 - loadIPPluginJar : add ts
2024-12-17 13:01:41,116 [INFO] IPUIPlugin:80 - create IPUIPlugin
2024-12-17 13:01:41,116 [INFO] PluginManager:220 - loadIPPluginJar : add tsc
2024-12-17 13:01:41,119 [INFO] IPUIPlugin:80 - create IPUIPlugin
2024-12-17 13:01:41,119 [INFO] PluginManager:220 - loadIPPluginJar : add ucpd
2024-12-17 13:01:41,124 [INFO] IPUIPlugin:80 - create IPUIPlugin
2024-12-17 13:01:41,124 [INFO] PluginManager:220 - loadIPPluginJar : add usart
2024-12-17 13:01:41,128 [INFO] IPUIPlugin:80 - create IPUIPlugin
2024-12-17 13:01:41,129 [INFO] PluginManager:220 - loadIPPluginJar : add usbx
2024-12-17 13:01:41,302 [INFO] CADModel:165 - CPN selected for project level
2024-12-17 13:01:41,303 [INFO] CADModel:114 - Register for checkConnection events
2024-12-17 13:01:41,303 [FATAL] Updater:308 - Updater called before beeing initialized
2024-12-17 13:01:41,303 [ERROR] CADModel:125 - Updater not yet initialized, retry later 
2024-12-17 13:01:41,461 [INFO] CADModel:165 - CPN selected for project level
2024-12-17 13:01:41,461 [INFO] CADModel:114 - Register for checkConnection events
2024-12-17 13:01:41,461 [FATAL] Updater:308 - Updater called before beeing initialized
2024-12-17 13:01:41,461 [ERROR] CADModel:125 - Updater not yet initialized, retry later 
2024-12-17 13:01:41,466 [FATAL] Updater:308 - Updater called before beeing initialized
2024-12-17 13:01:41,608 [FATAL] Updater:308 - Updater called before beeing initialized
2024-12-17 13:01:41,612 [INFO] DbMcusAds:53 - JSON generation date=Fri Sep 20 16:04:23 TRT 2024 (1726837463113)
2024-12-17 13:01:41,612 [FATAL] Updater:308 - Updater called before beeing initialized
2024-12-17 13:01:41,654 [WARN] DetailPanel:346 - Failed to get advertising image, set to default
2024-12-17 13:01:41,760 [FATAL] Updater:308 - Updater called before beeing initialized
2024-12-17 13:01:41,761 [FATAL] Updater:308 - Updater called before beeing initialized
2024-12-17 13:01:41,761 [FATAL] Updater:308 - Updater called before beeing initialized
2024-12-17 13:01:41,762 [WARN] DetailPanel:346 - Failed to get advertising image, set to default
2024-12-17 13:01:41,763 [FATAL] Updater:308 - Updater called before beeing initialized
2024-12-17 13:01:41,823 [ERROR] Updater:1120 - MainUpdater not yet initialized. External WinMGr cannot be set.
2024-12-17 13:01:41,825 [INFO] Updater:1056 - Updater Version found : 6.11.1
2024-12-17 13:01:41,842 [INFO] ApplicationProperties:184 - Using Application install path: C:\ST\STM32CubeIDE_1.15.1\STM32CubeIDE\plugins\com.st.stm32cube.common.mx_6.11.1.202404110753
2024-12-17 13:01:43,376 [INFO] ThirdPartyUpdaterWithRetryManager:70 - Updater plugin not ready yet. [2/15]
2024-12-17 13:01:43,415 [ERROR] LogOutputStream:75 - [STDERR_REDIRECT] Dec 17, 2024 1:01:43 PM java.util.prefs.WindowsPreferences <init>
2024-12-17 13:01:43,418 [ERROR] LogOutputStream:75 - [STDERR_REDIRECT] WARNING: Could not open/create prefs root node Software\JavaSoft\Prefs at root 0xffffffff80000002. Windows RegCreateKeyEx(...) returned error code 5.
2024-12-17 13:01:43,418 [ERROR] LogOutputStream:75 - [STDERR_REDIRECT] 
2024-12-17 13:01:43,757 [INFO] MainUpdater:2873 - connection check result : 10
2024-12-17 13:01:43,759 [INFO] MainUpdater:290 - Updater Check For Update Now.
2024-12-17 13:01:43,759 [INFO] MicroXplorer:498 - Change Database Version : DB.6.0.111
2024-12-17 13:01:43,772 [INFO] McuFinderGlobals:63 - Set McuFinder mode to 2 (CubeIDE integrated)
2024-12-17 13:01:43,773 [INFO] UserAuth:179 - activating auth plugin
2024-12-17 13:01:43,778 [INFO] UserAuth:415 - Internet connection configuration mode: 1
2024-12-17 13:01:43,810 [INFO] JxBrowserEngine:152 - Initiate JxBrowser Engine with user profile folder
2024-12-17 13:01:44,092 [INFO] CheckServerUpdateThread:120 - End of CheckServer Thread
2024-12-17 13:01:44,677 [INFO] WebApp:161 - Instantiating new browser for Auth
2024-12-17 13:01:45,345 [INFO] WebApp:779 - Register for checkConnection events
2024-12-17 13:01:45,345 [INFO] WebApp:414 - Apply proxy settings
2024-12-17 13:01:45,345 [INFO] WebApp:499 - Chromium requires no authentication
2024-12-17 13:01:45,353 [INFO] WebApp:442 - Direct internet connection detected
2024-12-17 13:01:45,507 [INFO] WebApp:192 - Starting web application
2024-12-17 13:01:45,507 [INFO] WebApp:544 - Web application path used C:\ST\STM32CubeIDE_1.15.1\STM32CubeIDE\plugins\com.st.stm32cube.common.mx_6.11.1.202404110753\db\plugins\mcufinder\reactClient1\index.html
2024-12-17 13:01:46,609 [WARN] PackLoader:240 - Cannot read IP mode file for STMicroelectronics.FP-SNS-MOTENVWB1.1.4.0
2024-12-17 13:01:46,624 [WARN] PackLoader:240 - Cannot read IP mode file for STMicroelectronics.FP-ATR-ASTRA1.2.0.1
2024-12-17 13:01:46,639 [WARN] PackLoader:240 - Cannot read IP mode file for STMicroelectronics.X-CUBE-SMBUS.2.1.0
2024-12-17 13:01:46,648 [WARN] PackLoader:240 - Cannot read IP mode file for STMicroelectronics.X-CUBE-WB05N.1.1.0
2024-12-17 13:01:46,702 [WARN] PackLoader:240 - Cannot read IP mode file for STMicroelectronics.X-CUBE-AZRTOS-F7.1.1.0
2024-12-17 13:01:46,824 [WARN] PackLoader:240 - Cannot read IP mode file for STMicroelectronics.X-CUBE-MEMS1.11.0.0
2024-12-17 13:01:47,221 [WARN] PackLoader:240 - Cannot read IP mode file for STMicroelectronics.FP-SNS-FLIGHT1.5.0.2
2024-12-17 13:01:47,232 [WARN] PackLoader:240 - Cannot read IP mode file for STMicroelectronics.X-CUBE-DISPLAY.3.0.0
2024-12-17 13:01:47,245 [WARN] PackLoader:240 - Cannot read IP mode file for STMicroelectronics.X-CUBE-BLE1.7.0.0
2024-12-17 13:01:47,257 [WARN] PackLoader:240 - Cannot read IP mode file for STMicroelectronics.X-CUBE-NFC10.1.0.0
2024-12-17 13:01:47,272 [WARN] PackLoader:240 - Cannot read IP mode file for STMicroelectronics.X-CUBE-BLEMGR.4.0.0
2024-12-17 13:01:47,281 [WARN] PackLoader:240 - Cannot read IP mode file for emotas.I-CUBE-CANOPEN.1.3.0
2024-12-17 13:01:47,293 [WARN] PackLoader:240 - Cannot read IP mode file for STMicroelectronics.X-CUBE-BLEMGR.3.1.0
2024-12-17 13:01:47,300 [WARN] PackLoader:240 - Cannot read IP mode file for STMicroelectronics.FP-SNS-SMARTAG2.1.2.0
2024-12-17 13:01:47,312 [INFO] LogOutputStream:77 - [STDOUT_REDIRECT] 1 : Invalid condition id : UX_CORESTACK_Condition cause : null
2024-12-17 13:01:47,313 [INFO] LogOutputStream:77 - [STDOUT_REDIRECT] 1 : Invalid condition id : UX_CORESTACK_Condition cause : null
2024-12-17 13:01:47,314 [INFO] LogOutputStream:77 - [STDOUT_REDIRECT] 1 : Invalid condition id : UX_CORESTACK_Condition cause : null
2024-12-17 13:01:47,316 [INFO] LogOutputStream:77 - [STDOUT_REDIRECT] 1 : Invalid condition id : UX_CORESTACK_Condition cause : null
2024-12-17 13:01:47,318 [INFO] LogOutputStream:77 - [STDOUT_REDIRECT] 1 : Invalid condition id : UX_CORESTACK_Condition cause : null
2024-12-17 13:01:47,323 [WARN] PackLoader:240 - Cannot read IP mode file for STMicroelectronics.X-CUBE-AZRTOS-WL.2.0.0
2024-12-17 13:01:47,329 [WARN] PackLoader:240 - Cannot read IP mode file for STMicroelectronics.FP-SNS-MOTENV1.5.0.0
2024-12-17 13:01:47,336 [WARN] PackLoader:240 - Cannot read IP mode file for wolfSSL.I-CUBE-wolfMQTT.1.19.0
2024-12-17 13:01:47,345 [WARN] PackLoader:240 - Cannot read IP mode file for WES.I-CUBE-Cesium.1.3.0
2024-12-17 13:01:47,350 [WARN] PackLoader:240 - Cannot read IP mode file for STMicroelectronics.X-CUBE-BLE2.3.3.0
2024-12-17 13:01:47,360 [WARN] PackLoader:240 - Cannot read IP mode file for STMicroelectronics.X-CUBE-NFC9.1.0.0
2024-12-17 13:01:47,367 [WARN] PackLoader:240 - Cannot read IP mode file for STMicroelectronics.X-CUBE-TCPP.4.1.0
2024-12-17 13:01:47,386 [WARN] PackLoader:240 - Cannot read IP mode file for STMicroelectronics.X-CUBE-AZRTOS-G0.1.1.0
2024-12-17 13:01:47,400 [WARN] PackLoader:240 - Cannot read IP mode file for STMicroelectronics.X-CUBE-SAFEA1.1.2.2
2024-12-17 13:01:47,414 [WARN] PackLoader:240 - Cannot read IP mode file for STMicroelectronics.X-CUBE-NFC4.3.0.0
2024-12-17 13:01:47,427 [WARN] PackLoader:240 - Cannot read IP mode file for EmbeddedOffice.I-CUBE-FS-RTOS.1.0.1
2024-12-17 13:01:47,428 [ERROR] ConditionMgr:805 - Attr not supported : Dmpu
2024-12-17 13:01:47,428 [ERROR] ConditionMgr:805 - Attr not supported : Dmpu
2024-12-17 13:01:47,428 [ERROR] ConditionMgr:805 - Attr not supported : Dmpu
2024-12-17 13:01:47,428 [ERROR] ConditionMgr:805 - Attr not supported : Dmpu
2024-12-17 13:01:47,429 [ERROR] ConditionMgr:805 - Attr not supported : Dmpu
2024-12-17 13:01:47,429 [ERROR] ConditionMgr:805 - Attr not supported : Dmpu
2024-12-17 13:01:47,429 [ERROR] ConditionMgr:805 - Attr not supported : Dmpu
2024-12-17 13:01:47,429 [ERROR] ConditionMgr:805 - Attr not supported : Dmpu
2024-12-17 13:01:47,429 [ERROR] ConditionMgr:805 - Attr not supported : Dmpu
2024-12-17 13:01:47,429 [ERROR] ConditionMgr:805 - Attr not supported : Dmpu
2024-12-17 13:01:47,429 [ERROR] ConditionMgr:805 - Attr not supported : Dmpu
2024-12-17 13:01:47,429 [ERROR] ConditionMgr:805 - Attr not supported : Dmpu
2024-12-17 13:01:47,429 [ERROR] ConditionMgr:805 - Attr not supported : Dmpu
2024-12-17 13:01:47,429 [ERROR] ConditionMgr:805 - Attr not supported : Dmpu
2024-12-17 13:01:47,429 [ERROR] ConditionMgr:805 - Attr not supported : Dmpu
2024-12-17 13:01:47,430 [ERROR] ConditionMgr:805 - Attr not supported : Dmpu
2024-12-17 13:01:47,430 [ERROR] ConditionMgr:805 - Attr not supported : Dmpu
2024-12-17 13:01:47,430 [ERROR] ConditionMgr:805 - Attr not supported : Dmpu
2024-12-17 13:01:47,430 [ERROR] ConditionMgr:805 - Attr not supported : Dmpu
2024-12-17 13:01:47,430 [ERROR] ConditionMgr:805 - Attr not supported : Dmpu
2024-12-17 13:01:47,430 [ERROR] ConditionMgr:805 - Attr not supported : Dmpu
2024-12-17 13:01:47,430 [ERROR] ConditionMgr:805 - Attr not supported : Dmpu
2024-12-17 13:01:47,430 [ERROR] ConditionMgr:805 - Attr not supported : Dmpu
2024-12-17 13:01:47,430 [ERROR] ConditionMgr:805 - Attr not supported : Dmpu
2024-12-17 13:01:47,431 [ERROR] ConditionMgr:805 - Attr not supported : Dmpu
2024-12-17 13:01:47,431 [ERROR] ConditionMgr:805 - Attr not supported : Dmpu
2024-12-17 13:01:47,431 [ERROR] ConditionMgr:805 - Attr not supported : Dmpu
2024-12-17 13:01:47,431 [ERROR] ConditionMgr:805 - Attr not supported : Dmpu
2024-12-17 13:01:47,431 [ERROR] ConditionMgr:805 - Attr not supported : Dmpu
2024-12-17 13:01:47,431 [ERROR] ConditionMgr:805 - Attr not supported : Dmpu
2024-12-17 13:01:47,431 [ERROR] ConditionMgr:805 - Attr not supported : Dmpu
2024-12-17 13:01:47,431 [ERROR] ConditionMgr:805 - Attr not supported : Dmpu
2024-12-17 13:01:47,432 [ERROR] ConditionMgr:805 - Attr not supported : Dmpu
2024-12-17 13:01:47,432 [ERROR] ConditionMgr:805 - Attr not supported : Dmpu
2024-12-17 13:01:47,432 [ERROR] ConditionMgr:805 - Attr not supported : Dmpu
2024-12-17 13:01:47,432 [ERROR] ConditionMgr:805 - Attr not supported : Dmpu
2024-12-17 13:01:47,432 [ERROR] ConditionMgr:805 - Attr not supported : Dmpu
2024-12-17 13:01:47,432 [ERROR] ConditionMgr:805 - Attr not supported : Dmpu
2024-12-17 13:01:47,432 [ERROR] ConditionMgr:805 - Attr not supported : Dmpu
2024-12-17 13:01:47,432 [ERROR] ConditionMgr:805 - Attr not supported : Dmpu
2024-12-17 13:01:47,432 [ERROR] ConditionMgr:805 - Attr not supported : Dmpu
2024-12-17 13:01:47,433 [ERROR] ConditionMgr:805 - Attr not supported : Dmpu
2024-12-17 13:01:47,433 [ERROR] ConditionMgr:805 - Attr not supported : Dmpu
2024-12-17 13:01:47,433 [ERROR] ConditionMgr:805 - Attr not supported : Dmpu
2024-12-17 13:01:47,433 [ERROR] ConditionMgr:805 - Attr not supported : Dmpu
2024-12-17 13:01:47,433 [ERROR] ConditionMgr:805 - Attr not supported : Dmpu
2024-12-17 13:01:47,433 [ERROR] ConditionMgr:805 - Attr not supported : Dmpu
2024-12-17 13:01:47,433 [ERROR] ConditionMgr:805 - Attr not supported : Dmpu
2024-12-17 13:01:47,433 [ERROR] ConditionMgr:805 - Attr not supported : Dmpu
2024-12-17 13:01:47,433 [ERROR] ConditionMgr:805 - Attr not supported : Dmpu
2024-12-17 13:01:47,434 [ERROR] ConditionMgr:805 - Attr not supported : Dmpu
2024-12-17 13:01:47,434 [ERROR] ConditionMgr:805 - Attr not supported : Dmpu
2024-12-17 13:01:47,434 [ERROR] ConditionMgr:805 - Attr not supported : Dmpu
2024-12-17 13:01:47,434 [ERROR] ConditionMgr:805 - Attr not supported : Dmpu
2024-12-17 13:01:47,434 [ERROR] ConditionMgr:805 - Attr not supported : Dmpu
2024-12-17 13:01:47,434 [ERROR] ConditionMgr:805 - Attr not supported : Dmpu
2024-12-17 13:01:47,434 [ERROR] ConditionMgr:805 - Attr not supported : Dmpu
2024-12-17 13:01:47,434 [ERROR] ConditionMgr:805 - Attr not supported : Dmpu
2024-12-17 13:01:47,434 [ERROR] ConditionMgr:805 - Attr not supported : Dmpu
2024-12-17 13:01:47,434 [ERROR] ConditionMgr:805 - Attr not supported : Dmpu
2024-12-17 13:01:47,434 [ERROR] ConditionMgr:805 - Attr not supported : Dmpu
2024-12-17 13:01:47,435 [ERROR] ConditionMgr:805 - Attr not supported : Dmpu
2024-12-17 13:01:47,435 [ERROR] ConditionMgr:805 - Attr not supported : Dmpu
2024-12-17 13:01:47,436 [ERROR] ConditionMgr:805 - Attr not supported : Dmpu
2024-12-17 13:01:47,441 [ERROR] Engine:466 - C:\Users\enesb\.stm32cubemx\thirdparties\pdsc\STMicroelectronics.X-CUBE-TCPP.4.2.0.pdsc: PDSC version is not supported
2024-12-17 13:01:47,448 [WARN] PackLoader:240 - Cannot read IP mode file for RealThread.X-CUBE-RT-Thread_Nano.4.1.1
2024-12-17 13:01:47,454 [WARN] PackLoader:240 - Cannot read IP mode file for STMicroelectronics.FP-ATR-SIGFOX1.3.2.0
2024-12-17 13:01:47,461 [WARN] ConditionMgr:438 - getConditionDescription Invalid condition id : Cortex-A Device cause : null
2024-12-17 13:01:47,479 [WARN] ConditionMgr:1039 - genDependencies : Invalid condition id : Cortex-A Device cause : null
2024-12-17 13:01:47,479 [WARN] ConditionMgr:1039 - genDependencies : Invalid condition id : Cortex-A Device cause : null
2024-12-17 13:01:47,479 [WARN] ConditionMgr:1039 - genDependencies : Invalid condition id : Cortex-A Device cause : null
2024-12-17 13:01:47,485 [WARN] PackLoader:240 - Cannot read IP mode file for STMicroelectronics.X-CUBE-EEPRMA1.5.1.0
2024-12-17 13:01:47,496 [WARN] PackLoader:240 - Cannot read IP mode file for wolfSSL.I-CUBE-wolfSSL.5.7.4
2024-12-17 13:01:47,504 [WARN] PackLoader:240 - Cannot read IP mode file for ITTIA_DB.I-CUBE-ITTIADB.8.9.0
2024-12-17 13:01:47,545 [WARN] PackLoader:240 - Cannot read IP mode file for SEGGER.I-CUBE-embOS.1.3.1
2024-12-17 13:01:47,612 [WARN] PackLoader:240 - Cannot read IP mode file for STMicroelectronics.X-CUBE-ALGOBUILD.1.4.0
2024-12-17 13:01:47,617 [WARN] PackLoader:240 - Cannot read IP mode file for STMicroelectronics.X-CUBE-AI.9.1.0
2024-12-17 13:01:47,634 [WARN] PackLoader:240 - Cannot read IP mode file for STMicroelectronics.X-CUBE-AZRTOS-F4.1.1.0
2024-12-17 13:01:47,643 [WARN] PackLoader:240 - Cannot read IP mode file for STMicroelectronics.X-CUBE-ISPU.2.1.0
2024-12-17 13:01:47,648 [WARN] PackLoader:240 - Cannot read IP mode file for STMicroelectronics.X-CUBE-FREERTOS.1.2.0
2024-12-17 13:01:47,667 [WARN] PackLoader:240 - Cannot read IP mode file for STMicroelectronics.X-CUBE-AZRTOS-L5.2.0.0
2024-12-17 13:01:47,677 [WARN] PackLoader:240 - Cannot read IP mode file for STMicroelectronics.X-CUBE-NFC6.3.1.0
2024-12-17 13:01:47,686 [WARN] PackLoader:240 - Cannot read IP mode file for STMicroelectronics.X-CUBE-DPower.1.2.0
2024-12-17 13:01:47,692 [WARN] PackLoader:240 - Cannot read IP mode file for STMicroelectronics.X-CUBE-FREERTOS.1.3.0
2024-12-17 13:01:47,697 [WARN] PackLoader:240 - Cannot read IP mode file for STMicroelectronics.X-CUBE-NFC7.1.0.1
2024-12-17 13:01:47,723 [WARN] ConditionMgr:438 - getConditionDescription Invalid condition id : LAN8742 Phy interface Condition cause : null
2024-12-17 13:01:47,724 [WARN] PackLoader:240 - Cannot read IP mode file for STMicroelectronics.X-CUBE-AZRTOS-L4.2.0.0
2024-12-17 13:01:47,726 [WARN] ConditionMgr:1039 - genDependencies : Invalid condition id : LAN8742 Phy interface Condition cause : null
2024-12-17 13:01:47,727 [WARN] ConditionMgr:1039 - genDependencies : Invalid condition id : LAN8742 Phy interface Condition cause : null
2024-12-17 13:01:47,728 [WARN] ConditionMgr:1039 - genDependencies : Invalid condition id : LAN8742 Phy interface Condition cause : null
2024-12-17 13:01:47,739 [WARN] PackLoader:240 - Cannot read IP mode file for STMicroelectronics.X-CUBE-SFXS2LP1.4.0.0
2024-12-17 13:01:47,762 [WARN] PackLoader:240 - Cannot read IP mode file for STMicroelectronics.X-CUBE-AZRTOS-H7.3.3.0
2024-12-17 13:01:47,781 [WARN] PackLoader:240 - Cannot read IP mode file for STMicroelectronics.X-CUBE-IPS.3.0.0
2024-12-17 13:01:47,800 [WARN] ConditionMgr:438 - getConditionDescription Invalid condition id : UX DEVICE CLASS RTOS Condition cause : null
2024-12-17 13:01:47,800 [WARN] ConditionMgr:438 - getConditionDescription Invalid condition id : UX DEVICE CLASS RTOS Condition cause : null
2024-12-17 13:01:47,803 [WARN] PackLoader:240 - Cannot read IP mode file for STMicroelectronics.X-CUBE-AZRTOS-WB.2.0.0
2024-12-17 13:01:47,804 [WARN] ConditionMgr:1039 - genDependencies : Invalid condition id : UX DEVICE CLASS RTOS Condition cause : null
2024-12-17 13:01:47,805 [WARN] ConditionMgr:1039 - genDependencies : Invalid condition id : UX DEVICE CLASS RTOS Condition cause : null
2024-12-17 13:01:47,806 [WARN] ConditionMgr:1039 - genDependencies : Invalid condition id : UX DEVICE CLASS RTOS Condition cause : null
2024-12-17 13:01:47,806 [WARN] ConditionMgr:1039 - genDependencies : Invalid condition id : UX DEVICE CLASS RTOS Condition cause : null
2024-12-17 13:01:47,807 [WARN] ConditionMgr:1039 - genDependencies : Invalid condition id : UX DEVICE CLASS RTOS Condition cause : null
2024-12-17 13:01:47,812 [WARN] PackLoader:240 - Cannot read IP mode file for STMicroelectronics.X-CUBE-GNSS1.7.0.0
2024-12-17 13:01:47,824 [WARN] PackLoader:240 - Cannot read IP mode file for STMicroelectronics.FP-SNS-STBOX1.2.0.0
2024-12-17 13:01:47,841 [WARN] PackLoader:240 - Cannot read IP mode file for STMicroelectronics.X-CUBE-SUBG2.5.0.0
2024-12-17 13:01:47,849 [WARN] PackLoader:240 - Cannot read IP mode file for Cesanta.I-CUBE-Mongoose.7.13.0
2024-12-17 13:01:47,864 [WARN] PackLoader:240 - Cannot read IP mode file for STMicroelectronics.X-CUBE-AZRTOS-G4.2.0.0
2024-12-17 13:01:47,870 [WARN] PackLoader:240 - Cannot read IP mode file for STMicroelectronics.X-CUBE-ALS.1.0.2
2024-12-17 13:01:47,876 [WARN] PackLoader:240 - Cannot read IP mode file for STMicroelectronics.X-CUBE-TOUCHGFX.4.24.1
2024-12-17 13:01:47,880 [WARN] PackLoader:240 - Cannot read IP mode file for wolfSSL.I-CUBE-wolfTPM.3.4.0
2024-12-17 13:01:47,886 [WARN] PackLoader:240 - Cannot read IP mode file for portGmbH.I-Cube-SoM-uGOAL.1.1.0
2024-12-17 13:01:47,910 [WARN] PackLoader:240 - Cannot read IP mode file for STMicroelectronics.X-CUBE-AZRTOS-H7RS.1.0.0
2024-12-17 13:01:47,915 [WARN] PackLoader:240 - Cannot read IP mode file for STMicroelectronics.FP-ATR-ASTRA1.2.0.0
2024-12-17 13:01:47,929 [WARN] PackLoader:240 - Cannot read IP mode file for STMicroelectronics.X-CUBE-TOF1.3.4.2
2024-12-17 13:01:47,966 [WARN] PackLoader:240 - Cannot read IP mode file for Infineon.AIROC-Wi-Fi-Bluetooth-STM32.1.6.1
2024-12-17 13:01:47,979 [WARN] PackLoader:240 - Cannot read IP mode file for wolfSSL.I-CUBE-wolfSSH.1.4.17
2024-12-17 13:01:47,979 [INFO] ThirdParty:978 - Integrity check success = true
2024-12-17 13:01:47,979 [INFO] IntegrityCheckThread:100 - exiting critical section [integrity check]
2024-12-17 13:01:47,979 [INFO] IntegrityCheckThread:103 - End integrity checks thread
2024-12-17 13:02:29,603 [ERROR] LogOutputStream:75 - [STDERR_REDIRECT] 
2024-12-17 13:02:29,604 [ERROR] LogOutputStream:75 - [STDERR_REDIRECT] 
2024-12-17 13:03:18,271 [INFO] Activator:176 - 


2024-12-17 13:03:18,273 [INFO] Activator:177 - !SESSION log4j initialized
2024-12-17 13:03:21,055 [INFO] LogOutputStream:77 - [STDOUT_REDIRECT] 
2024-12-17 13:03:29,569 [INFO] ApplicationProperties:184 - Using Application install path: C:\ST\STM32CubeIDE_1.15.1\STM32CubeIDE\plugins\com.st.stm32cube.common.mx_6.11.1.202404110753
2024-12-17 13:03:29,586 [INFO] DbMcusXml:78 - Set database path to: C:\ST\STM32CubeIDE_1.15.1\STM32CubeIDE\plugins\com.st.stm32cube.common.mx_6.11.1.202404110753\\db\/mcu/
2024-12-17 13:03:29,587 [INFO] ApiDb:274 - Set plugin database path to: C:\ST\STM32CubeIDE_1.15.1\STM32CubeIDE\plugins\com.st.stm32cube.common.mx_6.11.1.202404110753\\db\/plugins/boardmanager/
2024-12-17 13:03:29,587 [WARN] ApiDb:259 - Overriding images path with different value:  => C:\ST\STM32CubeIDE_1.15.1\STM32CubeIDE\plugins\com.st.stm32cube.common.mx_6.11.1.202404110753\\db\/plugins/mcufinder/images/
2024-12-17 13:03:29,593 [INFO] ApiDb:250 - Set database path to: C:\Users\enesb\.stmcufinder\plugins\mcufinder//mcu/
2024-12-17 13:03:29,595 [INFO] DbMcusAds:125 - Set database path to: C:\Users\enesb\.stmcufinder\plugins\mcufinder//mcu/
2024-12-17 13:03:29,597 [INFO] CrossReferenceDbSqlite:203 - Set database path to: C:\Users\enesb\.stmcufinder\plugins\mcufinder//mcu/cs/
2024-12-17 13:03:29,746 [INFO] RulesReader:64 - Compatibility file has been processed (297 Rules)
2024-12-17 13:03:29,834 [INFO] DbMcusXml:78 - Set database path to: C:\ST\STM32CubeIDE_1.15.1\STM32CubeIDE\plugins\com.st.stm32cube.common.mx_6.11.1.202404110753\\db\/mcu/
2024-12-17 13:03:29,834 [INFO] ApiDb:274 - Set plugin database path to: C:\ST\STM32CubeIDE_1.15.1\STM32CubeIDE\plugins\com.st.stm32cube.common.mx_6.11.1.202404110753\\db\/plugins/boardmanager/
2024-12-17 13:03:29,834 [INFO] ApiDb:261 - Set plugin images path to: C:\ST\STM32CubeIDE_1.15.1\STM32CubeIDE\plugins\com.st.stm32cube.common.mx_6.11.1.202404110753\\db\/plugins/mcufinder/images/
2024-12-17 13:03:29,835 [WARN] DbFile:41 - Overriding database path with different value: C:\Users\enesb\.stmcufinder\plugins\mcufinder/ => C:\Users\enesb\.stmcufinder\plugins\mcufinder
2024-12-17 13:03:29,835 [INFO] ApiDb:250 - Set database path to: C:\Users\enesb\.stmcufinder\plugins\mcufinder//mcu/
2024-12-17 13:03:29,835 [WARN] DbFile:41 - Overriding database path with different value: C:\Users\enesb\.stmcufinder\plugins\mcufinder/ => C:\Users\enesb\.stmcufinder\plugins\mcufinder
2024-12-17 13:03:29,835 [INFO] DbMcusAds:125 - Set database path to: C:\Users\enesb\.stmcufinder\plugins\mcufinder//mcu/
2024-12-17 13:03:29,835 [WARN] DbFile:41 - Overriding database path with different value: C:\Users\enesb\.stmcufinder\plugins\mcufinder/ => C:\Users\enesb\.stmcufinder\plugins\mcufinder
2024-12-17 13:03:29,835 [WARN] DbFile:41 - Overriding database path with different value: C:\Users\enesb\.stmcufinder\plugins\mcufinder/ => C:\Users\enesb\.stmcufinder\plugins\mcufinder
2024-12-17 13:03:29,835 [INFO] CrossReferenceDbSqlite:203 - Set database path to: C:\Users\enesb\.stmcufinder\plugins\mcufinder//mcu/cs/
2024-12-17 13:03:29,904 [INFO] MainPanel:264 - HeapMemory: 268435456
2024-12-17 13:03:29,991 [INFO] DbMcusXml:78 - Set database path to: C:\ST\STM32CubeIDE_1.15.1\STM32CubeIDE\plugins\com.st.stm32cube.common.mx_6.11.1.202404110753\\db\/mcu/
2024-12-17 13:03:29,992 [INFO] ApiDb:274 - Set plugin database path to: C:\ST\STM32CubeIDE_1.15.1\STM32CubeIDE\plugins\com.st.stm32cube.common.mx_6.11.1.202404110753\\db\/plugins/boardmanager/
2024-12-17 13:03:29,992 [INFO] ApiDb:261 - Set plugin images path to: C:\ST\STM32CubeIDE_1.15.1\STM32CubeIDE\plugins\com.st.stm32cube.common.mx_6.11.1.202404110753\\db\/plugins/mcufinder/images/
2024-12-17 13:03:29,992 [WARN] DbFile:41 - Overriding database path with different value: C:\Users\enesb\.stmcufinder\plugins\mcufinder/ => C:\Users\enesb\.stmcufinder\plugins\mcufinder
2024-12-17 13:03:29,992 [INFO] ApiDb:250 - Set database path to: C:\Users\enesb\.stmcufinder\plugins\mcufinder//mcu/
2024-12-17 13:03:29,992 [WARN] DbFile:41 - Overriding database path with different value: C:\Users\enesb\.stmcufinder\plugins\mcufinder/ => C:\Users\enesb\.stmcufinder\plugins\mcufinder
2024-12-17 13:03:29,992 [INFO] DbMcusAds:125 - Set database path to: C:\Users\enesb\.stmcufinder\plugins\mcufinder//mcu/
2024-12-17 13:03:29,993 [WARN] DbFile:41 - Overriding database path with different value: C:\Users\enesb\.stmcufinder\plugins\mcufinder/ => C:\Users\enesb\.stmcufinder\plugins\mcufinder
2024-12-17 13:03:29,993 [WARN] DbFile:41 - Overriding database path with different value: C:\Users\enesb\.stmcufinder\plugins\mcufinder/ => C:\Users\enesb\.stmcufinder\plugins\mcufinder
2024-12-17 13:03:29,993 [INFO] CrossReferenceDbSqlite:203 - Set database path to: C:\Users\enesb\.stmcufinder\plugins\mcufinder//mcu/cs/
2024-12-17 13:03:30,015 [INFO] ApplicationProperties:184 - Using Application install path: C:\ST\STM32CubeIDE_1.15.1\STM32CubeIDE\plugins\com.st.stm32cube.common.mx_6.11.1.202404110753
2024-12-17 13:03:30,016 [INFO] PluginManage:196 - Search for loadable plugins [exclusion list=, ]
2024-12-17 13:03:30,018 [INFO] PluginManage:310 - Check plugin analytics
